2018/08/01 05:01:12 [emerg] 1#1: host not found in upstream "php" in /etc/nginx/sites-enabled/tuxlab.org.in.conf:23
2018/08/01 05:04:12 [emerg] 1#1: host not found in upstream "php" in /etc/nginx/sites-enabled/tuxlab.org.in.conf:23
2018/08/01 05:08:40 [emerg] 1#1: host not found in upstream "php" in /etc/nginx/sites-enabled/tuxlab.org.in.conf:23
2018/08/01 05:12:44 [emerg] 1#1: host not found in upstream "php" in /etc/nginx/sites-enabled/tuxlab.org.in.conf:23
2018/08/01 05:13:31 [emerg] 1#1: host not found in upstream "php" in /etc/nginx/sites-enabled/tuxlab.org.in.conf:23
2018/08/01 05:43:38 [notice] 1#1: using the "epoll" event method
2018/08/01 05:43:38 [notice] 1#1: nginx/1.15.2
2018/08/01 05:43:38 [notice] 1#1: built by gcc 6.3.0 20170516 (Debian 6.3.0-18+deb9u1) 
2018/08/01 05:43:38 [notice] 1#1: OS: Linux 4.15.0-29-generic
2018/08/01 05:43:38 [notice] 1#1: getrlimit(RLIMIT_NOFILE): 1048576:1048576
2018/08/01 05:43:38 [notice] 1#1: start worker processes
2018/08/01 05:43:38 [notice] 1#1: start worker process 6
2018/08/01 09:52:24 [notice] 1#1: signal 15 (SIGTERM) received, exiting
2018/08/01 09:52:24 [notice] 6#6: exiting
2018/08/01 09:52:24 [notice] 6#6: exit
2018/08/01 09:52:24 [notice] 1#1: signal 17 (SIGCHLD) received from 6
2018/08/01 09:52:24 [notice] 1#1: worker process 6 exited with code 0
2018/08/01 09:52:24 [notice] 1#1: exit
2018/08/02 02:06:21 [notice] 1#1: using the "epoll" event method
2018/08/02 02:06:21 [notice] 1#1: nginx/1.15.2
2018/08/02 02:06:21 [notice] 1#1: built by gcc 6.3.0 20170516 (Debian 6.3.0-18+deb9u1) 
2018/08/02 02:06:21 [notice] 1#1: OS: Linux 4.15.0-29-generic
2018/08/02 02:06:21 [notice] 1#1: getrlimit(RLIMIT_NOFILE): 1048576:1048576
2018/08/02 02:06:21 [notice] 1#1: start worker processes
2018/08/02 02:06:21 [notice] 1#1: start worker process 6
2018/08/02 02:07:59 [error] 6#6: *1 open() "/usr/share/nginx/html/favicon.ico" failed (2: No such file or directory), client: 47.29.207.89, server: localhost, request: "GET /favicon.ico HTTP/1.1", host: "139.162.20.216"
2018/08/02 02:07:59 [error] 6#6: *2 open() "/usr/share/nginx/html/favicon.ico" failed (2: No such file or directory), client: 47.29.207.89, server: localhost, request: "GET /favicon.ico HTTP/1.1", host: "139.162.20.216"
2018/08/02 02:07:59 [info] 6#6: *2 client 47.29.207.89 closed keepalive connection
2018/08/02 02:08:46 [notice] 1#1: signal 15 (SIGTERM) received, exiting
2018/08/02 02:08:46 [notice] 6#6: exiting
2018/08/02 02:08:46 [notice] 6#6: exit
2018/08/02 02:08:46 [notice] 1#1: signal 17 (SIGCHLD) received from 6
2018/08/02 02:08:46 [notice] 1#1: worker process 6 exited with code 0
2018/08/02 02:08:46 [notice] 1#1: exit
2018/08/02 02:12:01 [notice] 1#1: using the "epoll" event method
2018/08/02 02:12:01 [notice] 1#1: nginx/1.15.2
2018/08/02 02:12:01 [notice] 1#1: built by gcc 6.3.0 20170516 (Debian 6.3.0-18+deb9u1) 
2018/08/02 02:12:01 [notice] 1#1: OS: Linux 4.15.0-29-generic
2018/08/02 02:12:01 [notice] 1#1: getrlimit(RLIMIT_NOFILE): 1048576:1048576
2018/08/02 02:12:01 [notice] 1#1: start worker processes
2018/08/02 02:12:01 [notice] 1#1: start worker process 6
2018/08/02 02:20:11 [notice] 1#1: signal 15 (SIGTERM) received, exiting
2018/08/02 02:20:11 [notice] 6#6: exiting
2018/08/02 02:20:11 [notice] 6#6: exit
2018/08/02 02:20:11 [notice] 1#1: signal 17 (SIGCHLD) received from 6
2018/08/02 02:20:11 [notice] 1#1: worker process 6 exited with code 0
2018/08/02 02:20:11 [notice] 1#1: exit
2018/08/02 02:20:32 [notice] 1#1: using the "epoll" event method
2018/08/02 02:20:32 [notice] 1#1: nginx/1.15.2
2018/08/02 02:20:32 [notice] 1#1: built by gcc 6.3.0 20170516 (Debian 6.3.0-18+deb9u1) 
2018/08/02 02:20:32 [notice] 1#1: OS: Linux 4.15.0-29-generic
2018/08/02 02:20:32 [notice] 1#1: getrlimit(RLIMIT_NOFILE): 1048576:1048576
2018/08/02 02:20:32 [notice] 1#1: start worker processes
2018/08/02 02:20:32 [notice] 1#1: start worker process 6
2018/08/02 02:20:46 [info] 6#6: *2 client closed connection while waiting for request, client: 47.29.207.89, server: 0.0.0.0:80
2018/08/02 02:20:59 [notice] 1#1: signal 15 (SIGTERM) received, exiting
2018/08/02 02:20:59 [notice] 6#6: exiting
2018/08/02 02:20:59 [notice] 6#6: exit
2018/08/02 02:20:59 [notice] 1#1: signal 17 (SIGCHLD) received from 6
2018/08/02 02:20:59 [notice] 1#1: worker process 6 exited with code 0
2018/08/02 02:20:59 [notice] 1#1: exit
2018/08/02 02:23:15 [notice] 1#1: using the "epoll" event method
2018/08/02 02:23:15 [notice] 1#1: nginx/1.15.2
2018/08/02 02:23:15 [notice] 1#1: built by gcc 6.3.0 20170516 (Debian 6.3.0-18+deb9u1) 
2018/08/02 02:23:15 [notice] 1#1: OS: Linux 4.15.0-29-generic
2018/08/02 02:23:15 [notice] 1#1: getrlimit(RLIMIT_NOFILE): 1048576:1048576
2018/08/02 02:23:15 [notice] 1#1: start worker processes
2018/08/02 02:23:15 [notice] 1#1: start worker process 6
2018/08/02 02:23:35 [error] 6#6: *3 connect() failed (111: Connection refused) while connecting to upstream, client: 172.19.0.1, server: tuxlab.org.in, request: "GET / HTTP/1.1", upstream: "fastcgi://172.19.0.4:9000", host: "tuxlab.org.in"
2018/08/02 02:23:36 [info] 6#6: *2 client closed connection while waiting for request, client: 47.29.207.89, server: 0.0.0.0:80
2018/08/02 02:23:39 [error] 6#6: *3 connect() failed (111: Connection refused) while connecting to upstream, client: 172.19.0.1, server: tuxlab.org.in, request: "GET / HTTP/1.1", upstream: "fastcgi://172.19.0.4:9000", host: "tuxlab.org.in"
2018/08/02 02:23:42 [error] 6#6: *3 connect() failed (111: Connection refused) while connecting to upstream, client: 172.19.0.1, server: tuxlab.org.in, request: "GET / HTTP/1.1", upstream: "fastcgi://172.19.0.4:9000", host: "tuxlab.org.in"
2018/08/02 02:23:43 [error] 6#6: *3 connect() failed (111: Connection refused) while connecting to upstream, client: 172.19.0.1, server: tuxlab.org.in, request: "GET / HTTP/1.1", upstream: "fastcgi://172.19.0.4:9000", host: "tuxlab.org.in"
2018/08/02 02:23:47 [notice] 1#1: signal 15 (SIGTERM) received, exiting
2018/08/02 02:23:47 [notice] 6#6: exiting
2018/08/02 02:23:47 [notice] 6#6: exit
2018/08/02 02:23:47 [notice] 1#1: signal 17 (SIGCHLD) received from 6
2018/08/02 02:23:47 [notice] 1#1: worker process 6 exited with code 0
2018/08/02 02:23:47 [notice] 1#1: exit
2018/08/02 02:26:02 [emerg] 1#1: host not found in upstream "php" in /etc/nginx/sites-enabled/tuxlab.org.in.conf:23
2018/08/02 02:28:59 [emerg] 1#1: host not found in upstream "php" in /etc/nginx/sites-enabled/tuxlab.org.in.conf:23
2018/08/02 02:31:26 [emerg] 1#1: host not found in upstream "php" in /etc/nginx/sites-enabled/tuxlab.org.in.conf:23
2018/08/02 02:33:30 [emerg] 1#1: host not found in upstream "php" in /etc/nginx/sites-enabled/tuxlab.org.in.conf:23
2018/08/02 02:36:23 [emerg] 1#1: invalid host in upstream "http://php:9000" in /etc/nginx/sites-enabled/tuxlab.org.in.conf:23
2018/08/02 02:45:09 [emerg] 1#1: invalid host in upstream "http://php:9000" in /etc/nginx/sites-enabled/tuxlab.org.in.conf:23
2018/08/02 02:48:28 [emerg] 1#1: invalid host in upstream "http://php:9000" in /etc/nginx/sites-enabled/tuxlab.org.in.conf:23
2018/08/02 02:50:32 [notice] 1#1: using the "epoll" event method
2018/08/02 02:50:32 [notice] 1#1: nginx/1.15.2
2018/08/02 02:50:32 [notice] 1#1: built by gcc 6.3.0 20170516 (Debian 6.3.0-18+deb9u1) 
2018/08/02 02:50:32 [notice] 1#1: OS: Linux 4.15.0-29-generic
2018/08/02 02:50:32 [notice] 1#1: getrlimit(RLIMIT_NOFILE): 1048576:1048576
2018/08/02 02:50:32 [notice] 1#1: start worker processes
2018/08/02 02:50:32 [notice] 1#1: start worker process 6
2018/08/02 02:50:43 [error] 6#6: *1 FastCGI sent in stderr: "Primary script unknown" while reading response header from upstream, client: 172.18.0.1, server: tuxlab.org.in, request: "GET / HTTP/1.1", upstream: "fastcgi://172.18.0.3:9000", host: "tuxlab.org.in"
2018/08/02 02:50:59 [info] 6#6: *4 client closed connection while waiting for request, client: 47.29.207.89, server: 0.0.0.0:80
2018/08/02 02:51:05 [error] 6#6: *1 FastCGI sent in stderr: "Primary script unknown" while reading response header from upstream, client: 172.18.0.1, server: tuxlab.org.in, request: "GET / HTTP/1.1", upstream: "fastcgi://172.18.0.3:9000", host: "tuxlab.org.in"
2018/08/02 02:51:29 [notice] 1#1: signal 15 (SIGTERM) received, exiting
2018/08/02 02:51:29 [notice] 6#6: exiting
2018/08/02 02:51:29 [notice] 6#6: exit
2018/08/02 02:51:29 [notice] 1#1: signal 17 (SIGCHLD) received from 6
2018/08/02 02:51:29 [notice] 1#1: worker process 6 exited with code 0
2018/08/02 02:51:29 [notice] 1#1: exit
2018/08/02 02:53:52 [notice] 1#1: using the "epoll" event method
2018/08/02 02:53:52 [notice] 1#1: nginx/1.15.2
2018/08/02 02:53:52 [notice] 1#1: built by gcc 6.3.0 20170516 (Debian 6.3.0-18+deb9u1) 
2018/08/02 02:53:52 [notice] 1#1: OS: Linux 4.15.0-29-generic
2018/08/02 02:53:52 [notice] 1#1: getrlimit(RLIMIT_NOFILE): 1048576:1048576
2018/08/02 02:53:52 [notice] 1#1: start worker processes
2018/08/02 02:53:52 [notice] 1#1: start worker process 6
2018/08/02 02:54:29 [info] 6#6: *8 client closed connection while waiting for request, client: 47.29.207.89, server: 0.0.0.0:80
2018/08/02 02:54:35 [info] 6#6: *9 client closed connection while waiting for request, client: 47.29.207.89, server: 0.0.0.0:80
2018/08/02 02:55:07 [notice] 1#1: signal 15 (SIGTERM) received, exiting
2018/08/02 02:55:07 [notice] 6#6: exiting
2018/08/02 02:55:07 [notice] 6#6: exit
2018/08/02 02:55:07 [notice] 1#1: signal 17 (SIGCHLD) received from 6
2018/08/02 02:55:07 [notice] 1#1: worker process 6 exited with code 0
2018/08/02 02:55:07 [notice] 1#1: exit
2018/08/02 03:06:38 [notice] 1#1: using the "epoll" event method
2018/08/02 03:06:38 [notice] 1#1: nginx/1.15.2
2018/08/02 03:06:38 [notice] 1#1: built by gcc 6.3.0 20170516 (Debian 6.3.0-18+deb9u1) 
2018/08/02 03:06:38 [notice] 1#1: OS: Linux 4.15.0-29-generic
2018/08/02 03:06:38 [notice] 1#1: getrlimit(RLIMIT_NOFILE): 1048576:1048576
2018/08/02 03:06:38 [notice] 1#1: start worker processes
2018/08/02 03:06:38 [notice] 1#1: start worker process 6
2018/08/02 03:07:32 [notice] 1#1: signal 15 (SIGTERM) received, exiting
2018/08/02 03:07:32 [notice] 6#6: exiting
2018/08/02 03:07:32 [notice] 6#6: exit
2018/08/02 03:07:32 [notice] 1#1: signal 17 (SIGCHLD) received from 6
2018/08/02 03:07:32 [notice] 1#1: worker process 6 exited with code 0
2018/08/02 03:07:32 [notice] 1#1: exit
2018/08/02 03:08:32 [notice] 1#1: using the "epoll" event method
2018/08/02 03:08:32 [notice] 1#1: nginx/1.15.2
2018/08/02 03:08:32 [notice] 1#1: built by gcc 6.3.0 20170516 (Debian 6.3.0-18+deb9u1) 
2018/08/02 03:08:32 [notice] 1#1: OS: Linux 4.15.0-29-generic
2018/08/02 03:08:32 [notice] 1#1: getrlimit(RLIMIT_NOFILE): 1048576:1048576
2018/08/02 03:08:32 [notice] 1#1: start worker processes
2018/08/02 03:08:32 [notice] 1#1: start worker process 6
2018/08/02 03:10:15 [info] 6#6: *1 client 187.74.101.72 closed keepalive connection
2018/08/02 03:19:35 [notice] 1#1: signal 15 (SIGTERM) received, exiting
2018/08/02 03:19:35 [notice] 6#6: exiting
2018/08/02 03:19:35 [notice] 6#6: exit
2018/08/02 03:19:35 [notice] 1#1: signal 17 (SIGCHLD) received from 6
2018/08/02 03:19:35 [notice] 1#1: worker process 6 exited with code 0
2018/08/02 03:19:35 [notice] 1#1: exit
2018/08/02 03:20:05 [notice] 1#1: using the "epoll" event method
2018/08/02 03:20:05 [notice] 1#1: nginx/1.15.2
2018/08/02 03:20:05 [notice] 1#1: built by gcc 6.3.0 20170516 (Debian 6.3.0-18+deb9u1) 
2018/08/02 03:20:05 [notice] 1#1: OS: Linux 4.15.0-29-generic
2018/08/02 03:20:05 [notice] 1#1: getrlimit(RLIMIT_NOFILE): 1048576:1048576
2018/08/02 03:20:05 [notice] 1#1: start worker processes
2018/08/02 03:20:05 [notice] 1#1: start worker process 6
2018/08/02 03:21:52 [notice] 1#1: signal 15 (SIGTERM) received, exiting
2018/08/02 03:21:52 [notice] 6#6: exiting
2018/08/02 03:21:52 [notice] 6#6: exit
2018/08/02 03:21:52 [notice] 1#1: signal 17 (SIGCHLD) received from 6
2018/08/02 03:21:52 [notice] 1#1: worker process 6 exited with code 0
2018/08/02 03:21:52 [notice] 1#1: exit
2018/08/02 03:22:42 [notice] 1#1: using the "epoll" event method
2018/08/02 03:22:42 [notice] 1#1: nginx/1.15.2
2018/08/02 03:22:42 [notice] 1#1: built by gcc 6.3.0 20170516 (Debian 6.3.0-18+deb9u1) 
2018/08/02 03:22:42 [notice] 1#1: OS: Linux 4.15.0-29-generic
2018/08/02 03:22:42 [notice] 1#1: getrlimit(RLIMIT_NOFILE): 1048576:1048576
2018/08/02 03:22:42 [notice] 1#1: start worker processes
2018/08/02 03:22:42 [notice] 1#1: start worker process 6
2018/08/02 03:23:47 [notice] 1#1: signal 15 (SIGTERM) received, exiting
2018/08/02 03:23:47 [notice] 6#6: exiting
2018/08/02 03:23:47 [notice] 6#6: exit
2018/08/02 03:23:47 [notice] 1#1: signal 17 (SIGCHLD) received from 6
2018/08/02 03:23:47 [notice] 1#1: worker process 6 exited with code 0
2018/08/02 03:23:47 [notice] 1#1: exit
2018/08/02 03:29:33 [notice] 1#1: using the "epoll" event method
2018/08/02 03:29:33 [notice] 1#1: nginx/1.15.2
2018/08/02 03:29:33 [notice] 1#1: built by gcc 6.3.0 20170516 (Debian 6.3.0-18+deb9u1) 
2018/08/02 03:29:33 [notice] 1#1: OS: Linux 4.15.0-29-generic
2018/08/02 03:29:33 [notice] 1#1: getrlimit(RLIMIT_NOFILE): 1048576:1048576
2018/08/02 03:29:33 [notice] 1#1: start worker processes
2018/08/02 03:29:33 [notice] 1#1: start worker process 6
2018/08/02 03:32:48 [notice] 1#1: signal 15 (SIGTERM) received, exiting
2018/08/02 03:32:48 [notice] 6#6: exiting
2018/08/02 03:32:48 [notice] 6#6: exit
2018/08/02 03:32:48 [notice] 1#1: signal 17 (SIGCHLD) received from 6
2018/08/02 03:32:48 [notice] 1#1: worker process 6 exited with code 0
2018/08/02 03:32:48 [notice] 1#1: exit
2018/08/02 03:33:08 [notice] 1#1: using the "epoll" event method
2018/08/02 03:33:08 [notice] 1#1: nginx/1.15.2
2018/08/02 03:33:08 [notice] 1#1: built by gcc 6.3.0 20170516 (Debian 6.3.0-18+deb9u1) 
2018/08/02 03:33:08 [notice] 1#1: OS: Linux 4.15.0-29-generic
2018/08/02 03:33:08 [notice] 1#1: getrlimit(RLIMIT_NOFILE): 1048576:1048576
2018/08/02 03:33:08 [notice] 1#1: start worker processes
2018/08/02 03:33:08 [notice] 1#1: start worker process 6
2018/08/02 03:34:03 [notice] 1#1: signal 15 (SIGTERM) received, exiting
2018/08/02 03:34:03 [notice] 6#6: exiting
2018/08/02 03:34:03 [notice] 6#6: exit
2018/08/02 03:34:03 [notice] 1#1: signal 17 (SIGCHLD) received from 6
2018/08/02 03:34:03 [notice] 1#1: worker process 6 exited with code 0
2018/08/02 03:34:03 [notice] 1#1: exit
2018/08/02 04:12:27 [emerg] 1#1: duplicate location "/" in /etc/nginx/sites-enabled/tuxlab.org.in.conf:22
2018/08/02 04:14:35 [emerg] 1#1: duplicate location "/" in /etc/nginx/sites-enabled/tuxlab.org.in.conf:22
2018/08/02 04:15:20 [notice] 1#1: using the "epoll" event method
2018/08/02 04:15:20 [notice] 1#1: nginx/1.15.2
2018/08/02 04:15:20 [notice] 1#1: built by gcc 6.3.0 20170516 (Debian 6.3.0-18+deb9u1) 
2018/08/02 04:15:20 [notice] 1#1: OS: Linux 4.15.0-29-generic
2018/08/02 04:15:20 [notice] 1#1: getrlimit(RLIMIT_NOFILE): 1048576:1048576
2018/08/02 04:15:20 [notice] 1#1: start worker processes
2018/08/02 04:15:20 [notice] 1#1: start worker process 6
2018/08/02 04:15:34 [info] 6#6: *2 client closed connection while waiting for request, client: 47.29.207.89, server: 0.0.0.0:80
2018/08/02 04:16:51 [notice] 1#1: signal 15 (SIGTERM) received, exiting
2018/08/02 04:16:51 [notice] 6#6: exiting
2018/08/02 04:16:51 [notice] 6#6: exit
2018/08/02 04:16:51 [notice] 1#1: signal 17 (SIGCHLD) received from 6
2018/08/02 04:16:51 [notice] 1#1: worker process 6 exited with code 0
2018/08/02 04:16:51 [notice] 1#1: exit
